<?xml version="1.0" encoding="UTF-8"?>
<!-- Generated by org.testng.reporters.JUnitReportReporter -->
<testsuite skipped="0" hostname="DESKTOP-OB90OE0" name="pageObjects.EME_LoginPage" tests="1" failures="0" timestamp="03 Oct 2020 12:48:10 GMT" time="52.434" errors="0">
  <testcase name="login" time="52.434" classname="pageObjects.EME_LoginPage"/>
</testsuite> <!-- pageObjects.EME_LoginPage -->
