<?xml version="1.0" encoding="UTF-8"?>
<!-- Generated by org.testng.reporters.JUnitReportReporter -->
<testsuite skipped="0" hostname="DESKTOP-OB90OE0" name="pageObjects.EME_landingpage" tests="1" failures="0" timestamp="02 Oct 2020 20:18:48 GMT" time="10.477" errors="0">
  <testcase name="openURL" time="10.477" classname="pageObjects.EME_landingpage"/>
</testsuite> <!-- pageObjects.EME_landingpage -->
